<?xml version="1.0" encoding="UTF-8"?>
<testsuite name="testClass" tests="1" skipped="0" failures="0" errors="0" timestamp="2018-03-02T14:29:24" hostname="MSI" time="0.002">
  <properties/>
  <testcase name="testingTest" classname="testClass" time="0.002"/>
  <system-out><![CDATA[]]></system-out>
  <system-err><![CDATA[]]></system-err>
</testsuite>
